<?xml version="1.0" encoding="UTF-8"?>
<!-- Generated by org.testng.reporters.JUnitReportReporter -->
<testsuite skipped="0" hostname="Hasee-PC" name="seleniumWithHtmlUnitDriver.OpenGoogleWithHTMLUnitDriver" tests="1" failures="0" timestamp="17 Dec 2017 06:42:54 GMT" time="13.535" errors="0">
  <testcase name="openGoogle" time="13.535" classname="seleniumWithHtmlUnitDriver.OpenGoogleWithHTMLUnitDriver"/>
</testsuite> <!-- seleniumWithHtmlUnitDriver.OpenGoogleWithHTMLUnitDriver -->
