<?xml version="1.0" encoding="UTF-8"?>
<!-- Generated by org.testng.reporters.JUnitReportReporter -->
<testsuite skipped="0" hostname="Hasee-PC" name="seleniumWithPhantomJS.CountTheLinks" tests="1" failures="0" timestamp="16 Dec 2017 05:52:42 GMT" time="10.065" errors="0">
  <testcase name="searchGoogle" time="10.065" classname="seleniumWithPhantomJS.CountTheLinks"/>
</testsuite> <!-- seleniumWithPhantomJS.CountTheLinks -->
