<?xml version="1.0" encoding="UTF-8"?>
<!-- Generated by org.testng.reporters.JUnitReportReporter -->
<testsuite skipped="0" hostname="Hasee-PC" name="seleniumWithPhantomJS.OpenGoogle" tests="1" failures="0" timestamp="12 Dec 2017 16:23:09 GMT" time="34.238" errors="0">
  <testcase name="openGoogle" time="34.238" classname="seleniumWithPhantomJS.OpenGoogle"/>
</testsuite> <!-- seleniumWithPhantomJS.OpenGoogle -->
